<?xml version="1.0" encoding="UTF-8"?>
<testsuite name="com.example.demo.AuthServiceApplicationTests" tests="1" skipped="0" failures="0" errors="0" timestamp="2025-07-19T14:20:08.516Z" hostname="LAPTOP-9GIE78J7" time="0.425">
  <properties/>
  <testcase name="contextLoads()" classname="com.example.demo.AuthServiceApplicationTests" time="0.425"/>
  <system-out><![CDATA[11:20:04.328 [Test worker] INFO org.springframework.test.context.support.AnnotationConfigContextLoaderUtils -- Could not detect default configuration classes for test class [com.example.demo.AuthServiceApplicationTests]: AuthServiceApplicationTests does not declare any static, non-private, non-final, nested classes annotated with @Configuration.
11:20:04.519 [Test worker] INFO org.springframework.boot.test.context.SpringBootTestContextBootstrapper -- Found @SpringBootConfiguration com.example.demo.AuthServiceApplication for test class com.example.demo.AuthServiceApplicationTests

  .   ____          _            __ _ _
 /\\ / ___'_ __ _ _(_)_ __  __ _ \ \ \ \
( ( )\___ | '_ | '_| | '_ \/ _` | \ \ \ \
 \\/  ___)| |_)| | | | | || (_| |  ) ) ) )
  '  |____| .__|_| |_|_| |_\__, | / / / /
 =========|_|==============|___/=/_/_/_/

 :: Spring Boot ::                (v3.5.3)

2025-07-19T11:20:05.096-03:00  INFO 6992 --- [    Test worker] c.e.demo.AuthServiceApplicationTests     : Starting AuthServiceApplicationTests using Java 21.0.5 with PID 6992 (started by ksdca in C:\Users\ksdca\workspace\task-tracker-pro)
2025-07-19T11:20:05.098-03:00  INFO 6992 --- [    Test worker] c.e.demo.AuthServiceApplicationTests     : No active profile set, falling back to 1 default profile: "default"
2025-07-19T11:20:05.891-03:00  INFO 6992 --- [    Test worker] .s.d.r.c.RepositoryConfigurationDelegate : Bootstrapping Spring Data JPA repositories in DEFAULT mode.
2025-07-19T11:20:05.906-03:00  INFO 6992 --- [    Test worker] .s.d.r.c.RepositoryConfigurationDelegate : Finished Spring Data repository scanning in 13 ms. Found 0 JPA repository interfaces.
2025-07-19T11:20:06.395-03:00  INFO 6992 --- [    Test worker] o.hibernate.jpa.internal.util.LogHelper  : HHH000204: Processing PersistenceUnitInfo [name: default]
2025-07-19T11:20:06.504-03:00  INFO 6992 --- [    Test worker] org.hibernate.Version                    : HHH000412: Hibernate ORM core version 6.6.18.Final
2025-07-19T11:20:06.563-03:00  INFO 6992 --- [    Test worker] o.h.c.internal.RegionFactoryInitiator    : HHH000026: Second-level cache disabled
2025-07-19T11:20:06.935-03:00  INFO 6992 --- [    Test worker] o.s.o.j.p.SpringPersistenceUnitInfo      : No LoadTimeWeaver setup: ignoring JPA class transformer
2025-07-19T11:20:06.982-03:00  INFO 6992 --- [    Test worker] com.zaxxer.hikari.HikariDataSource       : HikariPool-1 - Starting...
2025-07-19T11:20:07.157-03:00  INFO 6992 --- [    Test worker] com.zaxxer.hikari.pool.HikariPool        : HikariPool-1 - Added connection conn0: url=jdbc:h2:mem:testdb user=SA
2025-07-19T11:20:07.157-03:00  INFO 6992 --- [    Test worker] com.zaxxer.hikari.HikariDataSource       : HikariPool-1 - Start completed.
2025-07-19T11:20:07.205-03:00  INFO 6992 --- [    Test worker] org.hibernate.orm.connections.pooling    : HHH10001005: Database info:
	Database JDBC URL [Connecting through datasource 'HikariDataSource (HikariPool-1)']
	Database driver: undefined/unknown
	Database version: 2.3.232
	Autocommit mode: undefined/unknown
	Isolation level: undefined/unknown
	Minimum pool size: undefined/unknown
	Maximum pool size: undefined/unknown
2025-07-19T11:20:07.477-03:00  INFO 6992 --- [    Test worker] o.h.e.t.j.p.i.JtaPlatformInitiator       : HHH000489: No JTA platform available (set 'hibernate.transaction.jta.platform' to enable JTA platform integration)
2025-07-19T11:20:07.477-03:00  INFO 6992 --- [    Test worker] j.LocalContainerEntityManagerFactoryBean : Initialized JPA EntityManagerFactory for persistence unit 'default'
2025-07-19T11:20:07.691-03:00  WARN 6992 --- [    Test worker] JpaBaseConfiguration$JpaWebConfiguration : spring.jpa.open-in-view is enabled by default. Therefore, database queries may be performed during view rendering. Explicitly configure spring.jpa.open-in-view to disable this warning
2025-07-19T11:20:08.266-03:00  WARN 6992 --- [    Test worker] .s.s.UserDetailsServiceAutoConfiguration : 

Using generated security password: 45c74273-ca42-4f10-9ca2-3aa20ecbfb36

This generated password is for development use only. Your security configuration must be updated before running your application in production.

2025-07-19T11:20:08.282-03:00  INFO 6992 --- [    Test worker] r$InitializeUserDetailsManagerConfigurer : Global AuthenticationManager configured with UserDetailsService bean with name inMemoryUserDetailsManager
2025-07-19T11:20:08.504-03:00  INFO 6992 --- [    Test worker] c.e.demo.AuthServiceApplicationTests     : Started AuthServiceApplicationTests in 3.664 seconds (process running for 5.045)
]]></system-out>
  <system-err><![CDATA[Mockito is currently self-attaching to enable the inline-mock-maker. This will no longer work in future releases of the JDK. Please add Mockito as an agent to your build as described in Mockito's documentation: https://javadoc.io/doc/org.mockito/mockito-core/latest/org.mockito/org/mockito/Mockito.html#0.3
WARNING: A Java agent has been loaded dynamically (C:\Users\ksdca\.gradle\caches\modules-2\files-2.1\net.bytebuddy\byte-buddy-agent\1.17.6\17b32fd9f57deef02842f7f05abc4ad8127fe34e\byte-buddy-agent-1.17.6.jar)
WARNING: If a serviceability tool is in use, please run with -XX:+EnableDynamicAgentLoading to hide this warning
WARNING: If a serviceability tool is not in use, please run with -Djdk.instrument.traceUsage for more information
WARNING: Dynamic loading of agents will be disallowed by default in a future release
]]></system-err>
</testsuite>
